<?xml version="1.0" encoding="UTF-8"?>
<!-- Generated by org.testng.reporters.JUnitReportReporter -->
<testsuite hostname="L-INE-B4TSYZ2" failures="0" tests="2" name="com.herokuapp.theinternet.NegativeTests" time="23.492" errors="0" timestamp="2024-08-04T01:11:15 IST" skipped="0">
  <testcase classname="com.herokuapp.theinternet.NegativeTests" name="incorrectUsernameTest" time="9.732"/>
  <testcase classname="com.herokuapp.theinternet.NegativeTests" name="incorrectPasswordTest" time="13.760"/>
</testsuite> <!-- com.herokuapp.theinternet.NegativeTests -->
