<?xml version="1.0" encoding="UTF-8"?>
<!-- Generated by org.testng.reporters.JUnitReportReporter -->
<testsuite hostname="L-INE-B4TSYZ2" failures="0" tests="1" name="com.herokuapp.theinternet.NegativeTests" time="5.591" errors="0" timestamp="2024-08-02T15:50:50 IST" skipped="0">
  <testcase classname="com.herokuapp.theinternet.NegativeTests" name="incorrectPasswordTest" time="5.591"/>
</testsuite> <!-- com.herokuapp.theinternet.NegativeTests -->
