<?xml version="1.0" encoding="UTF-8"?>
<!-- Generated by org.testng.reporters.JUnitReportReporter -->
<testsuite hostname="L-INE-B4TSYZ2" failures="0" tests="2" name="com.herokuapp.theinternet.NegativeTests" time="11.221" errors="0" timestamp="2024-08-02T16:45:30 IST" skipped="0">
  <testcase classname="com.herokuapp.theinternet.NegativeTests" name="incorrectUsernameTest" time="5.660"/>
  <testcase classname="com.herokuapp.theinternet.NegativeTests" name="incorrectPasswordTest" time="5.561"/>
</testsuite> <!-- com.herokuapp.theinternet.NegativeTests -->
