<?xml version="1.0" encoding="UTF-8"?>
<!-- Generated by org.testng.reporters.JUnitReportReporter -->
<testsuite hostname="L-INE-B4TSYZ2" failures="0" tests="1" name="com.herokuapp.theinternet.PositiveTests" time="9.710" errors="0" timestamp="2024-08-06T12:07:15 IST" skipped="0">
  <testcase classname="com.herokuapp.theinternet.PositiveTests" name="loginTest" time="9.710"/>
</testsuite> <!-- com.herokuapp.theinternet.PositiveTests -->
