<?xml version="1.0" encoding="UTF-8"?>
<!-- Generated by org.testng.reporters.JUnitReportReporter -->
<testsuite hostname="L-INE-B4TSYZ2" failures="0" tests="2" name="com.herokuapp.theinternet.NegativeTests" time="6.570" errors="0" timestamp="2024-08-03T21:11:29 IST" skipped="1">
  <testcase classname="com.herokuapp.theinternet.NegativeTests" name="incorrectUsernameTest" time="6.570"/>
  <testcase classname="com.herokuapp.theinternet.NegativeTests" name="incorrectPasswordTest">
    <skipped/>
  </testcase> <!-- incorrectPasswordTest -->
</testsuite> <!-- com.herokuapp.theinternet.NegativeTests -->
